0 info it worked if it ends with ok
1 verbose cli [ 'D:\\projects\\node\\\\node.exe',
1 verbose cli   'D:\\projects\\node\\node_modules\\npm\\bin\\npm-cli.js',
1 verbose cli   'install',
1 verbose cli   'errorhadler' ]
2 info using npm@1.4.28
3 info using node@v0.10.36
4 verbose node symlink D:\projects\node\\node.exe
5 verbose readDependencies using package.json deps
6 verbose cache add [ 'errorhadler', null ]
7 verbose cache add name=undefined spec="errorhadler" args=["errorhadler",null]
8 verbose parsed url { protocol: null,
8 verbose parsed url   slashes: null,
8 verbose parsed url   auth: null,
8 verbose parsed url   host: null,
8 verbose parsed url   port: null,
8 verbose parsed url   hostname: null,
8 verbose parsed url   hash: null,
8 verbose parsed url   search: null,
8 verbose parsed url   query: null,
8 verbose parsed url   pathname: 'errorhadler',
8 verbose parsed url   path: 'errorhadler',
8 verbose parsed url   href: 'errorhadler' }
9 silly lockFile 3d917720-errorhadler errorhadler
10 verbose lock errorhadler C:\Users\Shivang\AppData\Roaming\npm-cache\3d917720-errorhadler.lock
11 silly lockFile 3d917720-errorhadler errorhadler
12 silly lockFile 3d917720-errorhadler errorhadler
13 verbose addNamed [ 'errorhadler', '' ]
14 verbose addNamed [ null, '*' ]
15 silly lockFile 544e1795-errorhadler errorhadler@
16 verbose lock errorhadler@ C:\Users\Shivang\AppData\Roaming\npm-cache\544e1795-errorhadler.lock
17 silly addNameRange { name: 'errorhadler', range: '*', hasData: false }
18 verbose request where is /errorhadler
19 verbose request registry https://registry.npmjs.org/
20 verbose request id 3fee1a67b2011236
21 verbose url raw /errorhadler
22 verbose url resolving [ 'https://registry.npmjs.org/', './errorhadler' ]
23 verbose url resolved https://registry.npmjs.org/errorhadler
24 verbose request where is https://registry.npmjs.org/errorhadler
25 info trying registry request attempt 1 at 11:05:02
26 http GET https://registry.npmjs.org/errorhadler
27 http 404 https://registry.npmjs.org/errorhadler
28 verbose headers { date: 'Tue, 17 Feb 2015 19:05:02 GMT',
28 verbose headers   server: 'CouchDB/1.6.1 (Erlang OTP/R14B04)',
28 verbose headers   'content-type': 'application/json',
28 verbose headers   'cache-control': 'max-age=0',
28 verbose headers   'content-length': '52',
28 verbose headers   'accept-ranges': 'bytes',
28 verbose headers   via: '1.1 varnish',
28 verbose headers   age: '0',
28 verbose headers   'x-served-by': 'cache-dfw1829-DFW',
28 verbose headers   'x-cache': 'MISS',
28 verbose headers   'x-cache-hits': '0',
28 verbose headers   'x-timer': 'S1424199902.472615,VS0,VE50',
28 verbose headers   'keep-alive': 'timeout=10, max=50',
28 verbose headers   connection: 'Keep-Alive' }
29 silly registry.get cb [ 404,
29 silly registry.get   { date: 'Tue, 17 Feb 2015 19:05:02 GMT',
29 silly registry.get     server: 'CouchDB/1.6.1 (Erlang OTP/R14B04)',
29 silly registry.get     'content-type': 'application/json',
29 silly registry.get     'cache-control': 'max-age=0',
29 silly registry.get     'content-length': '52',
29 silly registry.get     'accept-ranges': 'bytes',
29 silly registry.get     via: '1.1 varnish',
29 silly registry.get     age: '0',
29 silly registry.get     'x-served-by': 'cache-dfw1829-DFW',
29 silly registry.get     'x-cache': 'MISS',
29 silly registry.get     'x-cache-hits': '0',
29 silly registry.get     'x-timer': 'S1424199902.472615,VS0,VE50',
29 silly registry.get     'keep-alive': 'timeout=10, max=50',
29 silly registry.get     connection: 'Keep-Alive' } ]
30 silly lockFile 544e1795-errorhadler errorhadler@
31 silly lockFile 544e1795-errorhadler errorhadler@
32 error 404 404 Not Found: errorhadler
32 error 404
32 error 404 'errorhadler' is not in the npm registry.
32 error 404 You should bug the author to publish it
32 error 404 It was specified as a dependency of 'Calculator'
32 error 404
32 error 404 Note that you can also install from a
32 error 404 tarball, folder, or http url, or git url.
33 error System Windows_NT 6.1.7601
34 error command "D:\\projects\\node\\\\node.exe" "D:\\projects\\node\\node_modules\\npm\\bin\\npm-cli.js" "install" "errorhadler"
35 error cwd D:\coursera\assignments\algorithms\percolation\Calculator
36 error node -v v0.10.36
37 error npm -v 1.4.28
38 error code E404
39 verbose exit [ 1, true ]
